2021-12-07 01:34:26.776 INFO  (main) [   ] o.e.j.u.log Logging initialized @6399ms to org.eclipse.jetty.util.log.Slf4jLog
2021-12-07 01:34:27.760 INFO  (main) [   ] o.e.j.s.Server jetty-9.4.44.v20210927; built: 2021-09-27T23:02:44.612Z; git: 8da83308eeca865e495e53ef315a249d63ba9332; jvm 1.8.0_281-b09
2021-12-07 01:34:27.785 INFO  (main) [   ] o.e.j.d.p.ScanningAppProvider Deployment monitor [file:///Users/yosa/Development/solr/server/contexts/] at interval 0
2021-12-07 01:34:29.198 INFO  (main) [   ] o.e.j.w.StandardDescriptorProcessor NO JSP Support for /solr, did not find org.apache.jasper.servlet.JspServlet
2021-12-07 01:34:29.222 INFO  (main) [   ] o.e.j.s.session DefaultSessionIdManager workerName=node0
2021-12-07 01:34:29.222 INFO  (main) [   ] o.e.j.s.session No SessionScavenger set, using defaults
2021-12-07 01:34:29.226 INFO  (main) [   ] o.e.j.s.session node0 Scavenging every 600000ms
2021-12-07 01:34:29.601 INFO  (main) [   ] o.a.s.s.SolrDispatchFilter Using logger factory org.apache.logging.slf4j.Log4jLoggerFactory
2021-12-07 01:34:29.612 INFO  (main) [   ] o.a.s.s.SolrDispatchFilter  ___      _       Welcome to Apache Solr™ version 8.10.1
2021-12-07 01:34:29.612 INFO  (main) [   ] o.a.s.s.SolrDispatchFilter / __| ___| |_ _   Starting in standalone mode on port 6565
2021-12-07 01:34:29.612 INFO  (main) [   ] o.a.s.s.SolrDispatchFilter \__ \/ _ \ | '_|  Install dir: /Users/yosa/Development/solr
2021-12-07 01:34:29.613 INFO  (main) [   ] o.a.s.s.SolrDispatchFilter |___/\___/_|_|    Start time: 2021-12-07T01:34:29.613Z
2021-12-07 01:34:29.726 INFO  (main) [   ] o.a.s.c.SolrPaths Using system property solr.solr.home: /Users/yosa/Development/solr/smamserver
2021-12-07 01:34:29.726 INFO  (main) [   ] o.a.s.c.SolrXmlConfig Loading container configuration from /Users/yosa/Development/solr/smamserver/solr.xml
2021-12-07 01:34:30.114 INFO  (main) [   ] o.a.s.c.SolrXmlConfig MBean server found: com.sun.jmx.mbeanserver.JmxMBeanServer@161479c6, but no JMX reporters were configured - adding default JMX reporter.
2021-12-07 01:34:33.604 INFO  (main) [   ] o.a.s.h.c.HttpShardHandlerFactory Host whitelist initialized: WhitelistHostChecker [whitelistHosts=null, whitelistHostCheckingEnabled=true]
2021-12-07 01:34:35.138 WARN  (main) [   ] o.e.j.u.s.S.config Trusting all certificates configured for Client@70925b45[provider=null,keyStore=null,trustStore=null]
2021-12-07 01:34:35.139 WARN  (main) [   ] o.e.j.u.s.S.config No Client EndPointIdentificationAlgorithm configured for Client@70925b45[provider=null,keyStore=null,trustStore=null]
2021-12-07 01:34:35.762 WARN  (main) [   ] o.e.j.u.s.S.config Trusting all certificates configured for Client@6b739528[provider=null,keyStore=null,trustStore=null]
2021-12-07 01:34:35.764 WARN  (main) [   ] o.e.j.u.s.S.config No Client EndPointIdentificationAlgorithm configured for Client@6b739528[provider=null,keyStore=null,trustStore=null]
2021-12-07 01:34:35.915 WARN  (main) [   ] o.a.s.c.CoreContainer Not all security plugins configured!  authentication=disabled authorization=disabled.  Solr is only as secure as you make it. Consider configuring authentication/authorization before exposing Solr to users internal or external.  See https://s.apache.org/solrsecurity for more info
2021-12-07 01:34:36.814 INFO  (main) [   ] o.a.s.c.TransientSolrCoreCacheDefault Allocating transient core cache for max 2147483647 cores with initial capacity of 1024
2021-12-07 01:34:36.838 INFO  (main) [   ] o.a.s.h.a.MetricsHistoryHandler No .system collection, keeping metrics history in memory.
2021-12-07 01:34:37.314 INFO  (main) [   ] o.a.s.m.r.SolrJmxReporter JMX monitoring for 'solr.node' (registry 'solr.node') enabled at server: com.sun.jmx.mbeanserver.JmxMBeanServer@161479c6
2021-12-07 01:34:37.315 INFO  (main) [   ] o.a.s.m.r.SolrJmxReporter JMX monitoring for 'solr.jvm' (registry 'solr.jvm') enabled at server: com.sun.jmx.mbeanserver.JmxMBeanServer@161479c6
2021-12-07 01:34:37.319 INFO  (main) [   ] o.a.s.m.r.SolrJmxReporter JMX monitoring for 'solr.jetty' (registry 'solr.jetty') enabled at server: com.sun.jmx.mbeanserver.JmxMBeanServer@161479c6
2021-12-07 01:34:37.401 INFO  (main) [   ] o.a.s.c.CorePropertiesLocator Found 2 core definitions underneath /Users/yosa/Development/solr/smamserver
2021-12-07 01:34:37.402 INFO  (main) [   ] o.a.s.c.CorePropertiesLocator Cores are: [kbm, latihan]
2021-12-07 01:34:37.618 INFO  (coreLoadExecutor-13-thread-1) [   x:kbm] o.a.s.c.SolrResourceLoader Added 3 libs to classloader, from paths: [/Users/yosa/Development/solr/contrib/dataimporthandler/lib, /Users/yosa/Development/solr/dist]
2021-12-07 01:34:37.618 INFO  (coreLoadExecutor-13-thread-2) [   x:latihan] o.a.s.c.SolrResourceLoader Added 3 libs to classloader, from paths: [/Users/yosa/Development/solr/contrib/dataimporthandler/lib, /Users/yosa/Development/solr/dist]
2021-12-07 01:34:38.020 INFO  (main) [   ] o.e.j.s.h.ContextHandler Started o.e.j.w.WebAppContext@4be29ed9{/solr,file:///Users/yosa/Development/solr/server/solr-webapp/webapp/,AVAILABLE}{/Users/yosa/Development/solr/server/solr-webapp/webapp}
2021-12-07 01:34:38.053 INFO  (main) [   ] o.e.j.s.AbstractConnector Started ServerConnector@5403f35f{HTTP/1.1, (http/1.1, h2c)}{0.0.0.0:6565}
2021-12-07 01:34:38.053 INFO  (main) [   ] o.e.j.s.Server Started @17684ms
2021-12-07 01:34:38.667 INFO  (coreLoadExecutor-13-thread-1) [   x:kbm] o.a.s.c.SolrConfig Using Lucene MatchVersion: 8.10.1
2021-12-07 01:34:38.669 INFO  (coreLoadExecutor-13-thread-2) [   x:latihan] o.a.s.c.SolrConfig Using Lucene MatchVersion: 8.10.1
2021-12-07 01:34:38.735 WARN  (coreLoadExecutor-13-thread-1) [   x:kbm] o.a.s.c.SolrConfig solrconfig.xml: <jmx> is no longer supported, use solr.xml:/metrics/reporter section instead
2021-12-07 01:34:38.750 WARN  (coreLoadExecutor-13-thread-2) [   x:latihan] o.a.s.c.SolrConfig solrconfig.xml: <jmx> is no longer supported, use solr.xml:/metrics/reporter section instead
2021-12-07 01:34:38.876 INFO  (coreLoadExecutor-13-thread-2) [   x:latihan] o.a.s.s.IndexSchema Schema name=default-config
2021-12-07 01:34:38.947 INFO  (coreLoadExecutor-13-thread-1) [   x:kbm] o.a.s.s.IndexSchema Schema name=default-config
2021-12-07 01:34:39.429 WARN  (coreLoadExecutor-13-thread-2) [   x:latihan] o.a.s.s.AbstractSpatialPrefixTreeFieldType FieldType SpatialRecursivePrefixTreeFieldType does not allow omitNorms to be specified in schema, hardcoded behavior is omitNorms=true
2021-12-07 01:34:39.430 WARN  (coreLoadExecutor-13-thread-2) [   x:latihan] o.a.s.s.AbstractSpatialPrefixTreeFieldType FieldType SpatialRecursivePrefixTreeFieldType does not allow omitTermFreqAndPositions to be specified in schema, hardcoded behavior is omitTermFreqAndPositions=true
2021-12-07 01:34:39.430 WARN  (coreLoadExecutor-13-thread-2) [   x:latihan] o.a.s.s.AbstractSpatialPrefixTreeFieldType FieldType SpatialRecursivePrefixTreeFieldType does not allow termOffsets to be specified in schema, hardcoded behavior is termOffsets=false
2021-12-07 01:34:39.430 WARN  (coreLoadExecutor-13-thread-2) [   x:latihan] o.a.s.s.AbstractSpatialPrefixTreeFieldType FieldType SpatialRecursivePrefixTreeFieldType does not allow termPositions to be specified in schema, hardcoded behavior is termPositions=false
2021-12-07 01:34:39.430 WARN  (coreLoadExecutor-13-thread-2) [   x:latihan] o.a.s.s.AbstractSpatialPrefixTreeFieldType FieldType SpatialRecursivePrefixTreeFieldType does not allow omitPositions to be specified in schema, hardcoded behavior is omitPositions=true
2021-12-07 01:34:39.434 WARN  (coreLoadExecutor-13-thread-1) [   x:kbm] o.a.s.s.AbstractSpatialPrefixTreeFieldType FieldType SpatialRecursivePrefixTreeFieldType does not allow omitNorms to be specified in schema, hardcoded behavior is omitNorms=true
2021-12-07 01:34:39.434 WARN  (coreLoadExecutor-13-thread-1) [   x:kbm] o.a.s.s.AbstractSpatialPrefixTreeFieldType FieldType SpatialRecursivePrefixTreeFieldType does not allow omitTermFreqAndPositions to be specified in schema, hardcoded behavior is omitTermFreqAndPositions=true
2021-12-07 01:34:39.434 WARN  (coreLoadExecutor-13-thread-1) [   x:kbm] o.a.s.s.AbstractSpatialPrefixTreeFieldType FieldType SpatialRecursivePrefixTreeFieldType does not allow termOffsets to be specified in schema, hardcoded behavior is termOffsets=false
2021-12-07 01:34:39.434 WARN  (coreLoadExecutor-13-thread-1) [   x:kbm] o.a.s.s.AbstractSpatialPrefixTreeFieldType FieldType SpatialRecursivePrefixTreeFieldType does not allow termPositions to be specified in schema, hardcoded behavior is termPositions=false
2021-12-07 01:34:39.434 WARN  (coreLoadExecutor-13-thread-1) [   x:kbm] o.a.s.s.AbstractSpatialPrefixTreeFieldType FieldType SpatialRecursivePrefixTreeFieldType does not allow omitPositions to be specified in schema, hardcoded behavior is omitPositions=true
2021-12-07 01:34:40.041 INFO  (coreLoadExecutor-13-thread-1) [   x:kbm] o.a.s.s.IndexSchema Loaded schema default-config/1.6 with uniqueid field id
2021-12-07 01:34:40.114 INFO  (coreLoadExecutor-13-thread-2) [   x:latihan] o.a.s.s.IndexSchema Loaded schema default-config/1.6 with uniqueid field id
2021-12-07 01:34:40.353 INFO  (coreLoadExecutor-13-thread-1) [   x:kbm] o.a.s.c.CoreContainer Creating SolrCore 'kbm' using configuration from instancedir /Users/yosa/Development/solr/smamserver/kbm, trusted=true
2021-12-07 01:34:40.356 INFO  (coreLoadExecutor-13-thread-2) [   x:latihan] o.a.s.c.CoreContainer Creating SolrCore 'latihan' using configuration from instancedir /Users/yosa/Development/solr/smamserver/latihan, trusted=true
2021-12-07 01:34:40.464 INFO  (coreLoadExecutor-13-thread-1) [   x:kbm] o.a.s.m.r.SolrJmxReporter JMX monitoring for 'solr.core.kbm' (registry 'solr.core.kbm') enabled at server: com.sun.jmx.mbeanserver.JmxMBeanServer@161479c6
2021-12-07 01:34:40.464 INFO  (coreLoadExecutor-13-thread-2) [   x:latihan] o.a.s.m.r.SolrJmxReporter JMX monitoring for 'solr.core.latihan' (registry 'solr.core.latihan') enabled at server: com.sun.jmx.mbeanserver.JmxMBeanServer@161479c6
2021-12-07 01:34:40.502 INFO  (coreLoadExecutor-13-thread-2) [   x:latihan] o.a.s.c.SolrCore [[latihan] ] Opening new SolrCore at [/Users/yosa/Development/solr/smamserver/latihan], dataDir=[/Users/yosa/Development/solr/smamserver/latihan/data/]
2021-12-07 01:34:40.502 INFO  (coreLoadExecutor-13-thread-1) [   x:kbm] o.a.s.c.SolrCore [[kbm] ] Opening new SolrCore at [/Users/yosa/Development/solr/smamserver/kbm], dataDir=[/Users/yosa/Development/solr/smamserver/kbm/data/]
2021-12-07 01:34:43.496 WARN  (coreLoadExecutor-13-thread-2) [   x:latihan] o.a.s.h.d.DataImportHandler Data Import Handler is deprecated as of Solr 8.6. See SOLR-14066 for more details.
2021-12-07 01:34:43.497 WARN  (coreLoadExecutor-13-thread-1) [   x:kbm] o.a.s.h.d.DataImportHandler Data Import Handler is deprecated as of Solr 8.6. See SOLR-14066 for more details.
2021-12-07 01:34:43.536 INFO  (coreLoadExecutor-13-thread-1) [   x:kbm] o.a.s.u.UpdateHandler Using UpdateLog implementation: org.apache.solr.update.UpdateLog
2021-12-07 01:34:43.536 INFO  (coreLoadExecutor-13-thread-2) [   x:latihan] o.a.s.u.UpdateHandler Using UpdateLog implementation: org.apache.solr.update.UpdateLog
2021-12-07 01:34:43.536 INFO  (coreLoadExecutor-13-thread-1) [   x:kbm] o.a.s.u.UpdateLog Initializing UpdateLog: dataDir= defaultSyncLevel=FLUSH numRecordsToKeep=100 maxNumLogsToKeep=10 numVersionBuckets=65536
2021-12-07 01:34:43.536 INFO  (coreLoadExecutor-13-thread-2) [   x:latihan] o.a.s.u.UpdateLog Initializing UpdateLog: dataDir= defaultSyncLevel=FLUSH numRecordsToKeep=100 maxNumLogsToKeep=10 numVersionBuckets=65536
2021-12-07 01:34:43.640 INFO  (coreLoadExecutor-13-thread-1) [   x:kbm] o.a.s.u.CommitTracker Hard AutoCommit: if uncommitted for 15000ms; 
2021-12-07 01:34:43.641 INFO  (coreLoadExecutor-13-thread-1) [   x:kbm] o.a.s.u.CommitTracker Soft AutoCommit: disabled
2021-12-07 01:34:43.680 INFO  (coreLoadExecutor-13-thread-2) [   x:latihan] o.a.s.u.CommitTracker Hard AutoCommit: if uncommitted for 15000ms; 
2021-12-07 01:34:43.680 INFO  (coreLoadExecutor-13-thread-2) [   x:latihan] o.a.s.u.CommitTracker Soft AutoCommit: disabled
2021-12-07 01:34:44.158 INFO  (coreLoadExecutor-13-thread-1) [   x:kbm] o.a.s.r.ManagedResourceStorage File-based storage initialized to use dir: /Users/yosa/Development/solr/smamserver/kbm/conf
2021-12-07 01:34:44.187 INFO  (coreLoadExecutor-13-thread-1) [   x:kbm] o.a.s.h.c.SpellCheckComponent Initializing spell checkers
2021-12-07 01:34:44.326 INFO  (coreLoadExecutor-13-thread-1) [   x:kbm] o.a.s.s.DirectSolrSpellChecker init: {name=default,field=_text_,classname=solr.DirectSolrSpellChecker,distanceMeasure=internal,accuracy=0.5,maxQueryFrequency=0.01,maxEdits=2,minPrefix=1,maxInspections=5,minQueryLength=4}
2021-12-07 01:34:44.349 INFO  (coreLoadExecutor-13-thread-1) [   x:kbm] o.a.s.h.ReplicationHandler Commits will be reserved for 10000 ms
2021-12-07 01:34:44.475 INFO  (searcherExecutor-15-thread-1-processing-x:kbm) [   x:kbm] o.a.s.c.QuerySenderListener QuerySenderListener done.
2021-12-07 01:34:44.475 INFO  (searcherExecutor-15-thread-1-processing-x:kbm) [   x:kbm] o.a.s.h.c.SpellCheckComponent Loading spell index for spellchecker: default
2021-12-07 01:34:44.488 INFO  (searcherExecutor-15-thread-1-processing-x:kbm) [   x:kbm] o.a.s.c.SolrCore [kbm]  Registered new searcher autowarm time: 0 ms
2021-12-07 01:34:45.404 INFO  (coreLoadExecutor-13-thread-2) [   x:latihan] o.a.s.r.ManagedResourceStorage File-based storage initialized to use dir: /Users/yosa/Development/solr/smamserver/latihan/conf
2021-12-07 01:34:45.405 INFO  (coreLoadExecutor-13-thread-2) [   x:latihan] o.a.s.h.c.SpellCheckComponent Initializing spell checkers
2021-12-07 01:34:45.405 INFO  (coreLoadExecutor-13-thread-2) [   x:latihan] o.a.s.s.DirectSolrSpellChecker init: {name=default,field=_text_,classname=solr.DirectSolrSpellChecker,distanceMeasure=internal,accuracy=0.5,maxQueryFrequency=0.01,maxEdits=2,minPrefix=1,maxInspections=5,minQueryLength=4}
2021-12-07 01:34:45.407 INFO  (coreLoadExecutor-13-thread-2) [   x:latihan] o.a.s.h.ReplicationHandler Commits will be reserved for 10000 ms
2021-12-07 01:34:45.644 INFO  (searcherExecutor-17-thread-1-processing-x:latihan) [   x:latihan] o.a.s.c.QuerySenderListener QuerySenderListener done.
2021-12-07 01:34:45.644 INFO  (searcherExecutor-17-thread-1-processing-x:latihan) [   x:latihan] o.a.s.h.c.SpellCheckComponent Loading spell index for spellchecker: default
2021-12-07 01:34:45.648 INFO  (searcherExecutor-17-thread-1-processing-x:latihan) [   x:latihan] o.a.s.c.SolrCore [latihan]  Registered new searcher autowarm time: 0 ms
2021-12-07 01:34:55.692 INFO  (searcherExecutor-15-thread-1-processing-x:kbm) [   x:kbm] o.a.s.c.QuerySenderListener QuerySenderListener done.
2021-12-07 01:34:55.702 INFO  (searcherExecutor-15-thread-1-processing-x:kbm) [   x:kbm] o.a.s.c.SolrCore [kbm]  Registered new searcher autowarm time: 15 ms
2021-12-07 01:34:55.711 INFO  (qtp573673894-20) [   x:kbm] o.a.s.u.p.LogUpdateProcessorFactory [kbm]  webapp=/solr path=/update/json params={commit=true}{add=[1 (1718449230408843264)],commit=} 0 902
2021-12-07 01:35:01.612 INFO  (qtp573673894-15) [   ] o.a.s.s.HttpSolrCall [admin] webapp=null path=/admin/cores params={indexInfo=false&wt=json&_=1638839619531} status=0 QTime=1
2021-12-07 01:35:01.621 INFO  (qtp573673894-24) [   ] o.a.s.s.HttpSolrCall [admin] webapp=null path=/admin/info/system params={wt=json&_=1638839619532} status=0 QTime=11
2021-12-07 01:35:03.062 INFO  (qtp573673894-16) [   x:kbm] o.a.s.c.S.Request [kbm]  webapp=/solr path=/select params={q=*:*&indent=true&q.op=OR&_=1638839841773} hits=1 status=0 QTime=77
2021-12-07 01:35:03.161 INFO  (qtp573673894-18) [   ] o.a.s.s.HttpSolrCall [admin] webapp=null path=/admin/cores params={indexInfo=false&wt=json&_=1638839619531} status=0 QTime=0
2021-12-07 01:35:03.172 INFO  (qtp573673894-19) [   x:kbm] o.a.s.c.S.Request [kbm]  webapp=/solr path=/select params={q=*:*&indent=true&q.op=OR&_=1638839841773} hits=1 status=0 QTime=6
2021-12-07 01:35:03.186 INFO  (qtp573673894-23) [   ] o.a.s.s.HttpSolrCall [admin] webapp=null path=/admin/info/system params={wt=json&_=1638839619532} status=0 QTime=24
2021-12-07 01:35:36.812 INFO  (qtp573673894-22) [   x:kbm] o.a.s.c.S.Request [kbm]  webapp=/solr path=/select params={q=searching:(nene)%0avisibility:(1)&indent=true&q.op=AND&_=1638839841773} hits=1 status=0 QTime=54
2021-12-07 01:35:36.918 INFO  (qtp573673894-19) [   ] o.a.s.s.HttpSolrCall [admin] webapp=null path=/admin/cores params={indexInfo=false&wt=json&_=1638839619531} status=0 QTime=0
2021-12-07 01:35:36.925 INFO  (qtp573673894-19) [   ] o.a.s.s.HttpSolrCall [admin] webapp=null path=/admin/info/system params={wt=json&_=1638839619532} status=0 QTime=4
2021-12-07 01:35:36.940 INFO  (qtp573673894-19) [   x:kbm] o.a.s.c.S.Request [kbm]  webapp=/solr path=/select params={q=searching:(nene)%0avisibility:(1)&indent=true&q.op=AND&_=1638839841773} hits=1 status=0 QTime=2
2021-12-07 01:36:07.586 INFO  (qtp573673894-19) [   ] o.a.s.s.HttpSolrCall [admin] webapp=null path=/admin/cores params={indexInfo=false&wt=json&_=1638839619531} status=0 QTime=0
2021-12-07 01:36:07.590 INFO  (qtp573673894-22) [   ] o.a.s.s.HttpSolrCall [admin] webapp=null path=/admin/info/system params={wt=json&_=1638839619532} status=0 QTime=4
2021-12-07 01:36:07.601 INFO  (qtp573673894-20) [   x:kbm] o.a.s.c.S.Request [kbm]  webapp=/solr path=/admin/luke params={show=schema&wt=json&_=1638839738227} status=0 QTime=15
2021-12-07 01:36:29.891 INFO  (qtp573673894-21) [   x:kbm] o.a.s.u.p.LogUpdateProcessorFactory [kbm]  webapp=/solr path=/update params={commitWithin=1000&overwrite=true&wt=json&_=1638839738227}{deleteByQuery=*:* (-1718449329790779392)} 0 95
2021-12-07 01:36:30.897 INFO  (searcherExecutor-15-thread-1-processing-x:kbm) [   x:kbm] o.a.s.c.QuerySenderListener QuerySenderListener done.
2021-12-07 01:36:30.903 INFO  (searcherExecutor-15-thread-1-processing-x:kbm) [   x:kbm] o.a.s.c.SolrCore [kbm]  Registered new searcher autowarm time: 0 ms
2021-12-07 01:36:34.397 INFO  (qtp573673894-20) [   ] o.a.s.s.HttpSolrCall [admin] webapp=null path=/admin/cores params={indexInfo=false&wt=json&_=1638839619531} status=0 QTime=0
2021-12-07 01:36:34.402 INFO  (qtp573673894-19) [   ] o.a.s.s.HttpSolrCall [admin] webapp=null path=/admin/info/system params={wt=json&_=1638839619532} status=0 QTime=4
2021-12-07 01:36:35.747 INFO  (qtp573673894-24) [   x:kbm] o.a.s.c.S.Request [kbm]  webapp=/solr path=/select params={q=*:*&indent=true&q.op=OR&_=1638839841773} hits=0 status=0 QTime=1
2021-12-07 01:36:35.834 INFO  (qtp573673894-19) [   ] o.a.s.s.HttpSolrCall [admin] webapp=null path=/admin/cores params={indexInfo=false&wt=json&_=1638839619531} status=0 QTime=0
2021-12-07 01:36:35.841 INFO  (qtp573673894-21) [   ] o.a.s.s.HttpSolrCall [admin] webapp=null path=/admin/info/system params={wt=json&_=1638839619532} status=0 QTime=3
2021-12-07 01:36:35.851 INFO  (qtp573673894-24) [   x:kbm] o.a.s.c.S.Request [kbm]  webapp=/solr path=/select params={q=*:*&indent=true&q.op=OR&_=1638839841773} hits=0 status=0 QTime=0
